c:\users\omare\source\repos\smart_meter\smart_meter\x64\debug\smart_meter.pch
c:\users\omare\source\repos\smart_meter\smart_meter\x64\debug\vc143.pdb
c:\users\omare\source\repos\smart_meter\smart_meter\x64\debug\pch.obj
c:\users\omare\source\repos\smart_meter\smart_meter\x64\debug\tariffcalc.obj
c:\users\omare\source\repos\smart_meter\smart_meter\x64\debug\signalfiltering.obj
c:\users\omare\source\repos\smart_meter\smart_meter\x64\debug\powerfactorcalc.obj
c:\users\omare\source\repos\smart_meter\smart_meter\x64\debug\powercalc.obj
c:\users\omare\source\repos\smart_meter\smart_meter\x64\debug\periodscalc.obj
c:\users\omare\source\repos\smart_meter\smart_meter\x64\debug\form1.obj
c:\users\omare\source\repos\smart_meter\smart_meter\x64\debug\energycalc.obj
c:\users\omare\source\repos\smart_meter\smart_meter\x64\debug\datalogging.obj
c:\users\omare\source\repos\smart_meter\smart_meter\x64\debug\datainput.obj
c:\users\omare\source\repos\smart_meter\smart_meter\x64\debug\cppclr_winformsproject.obj
c:\users\omare\source\repos\smart_meter\smart_meter\x64\debug\assemblyinfo.obj
c:\users\omare\source\repos\smart_meter\smart_meter\x64\debug\alarm.obj
c:\users\omare\source\repos\smart_meter\smart_meter\x64\debug\.netframework,version=v4.7.2.assemblyattributes.obj
c:\users\omare\source\repos\smart_meter\x64\debug\smart_meter.exe
c:\users\omare\source\repos\smart_meter\x64\debug\smart_meter.pdb
c:\users\omare\source\repos\smart_meter\smart_meter\x64\debug\app.res
c:\users\omare\source\repos\smart_meter\smart_meter\x64\debug\smart_meter.tlog\cl.command.1.tlog
c:\users\omare\source\repos\smart_meter\smart_meter\x64\debug\smart_meter.tlog\cl.items.tlog
c:\users\omare\source\repos\smart_meter\smart_meter\x64\debug\smart_meter.tlog\cl.read.1.tlog
c:\users\omare\source\repos\smart_meter\smart_meter\x64\debug\smart_meter.tlog\cl.write.1.tlog
c:\users\omare\source\repos\smart_meter\smart_meter\x64\debug\smart_meter.tlog\link.command.1.tlog
c:\users\omare\source\repos\smart_meter\smart_meter\x64\debug\smart_meter.tlog\link.read.1.tlog
c:\users\omare\source\repos\smart_meter\smart_meter\x64\debug\smart_meter.tlog\link.secondary.1.tlog
c:\users\omare\source\repos\smart_meter\smart_meter\x64\debug\smart_meter.tlog\link.write.1.tlog
c:\users\omare\source\repos\smart_meter\smart_meter\x64\debug\smart_meter.tlog\metagen.read.1.tlog
c:\users\omare\source\repos\smart_meter\smart_meter\x64\debug\smart_meter.tlog\metagen.write.1.tlog
c:\users\omare\source\repos\smart_meter\smart_meter\x64\debug\smart_meter.tlog\rc.command.1.tlog
c:\users\omare\source\repos\smart_meter\smart_meter\x64\debug\smart_meter.tlog\rc.read.1.tlog
c:\users\omare\source\repos\smart_meter\smart_meter\x64\debug\smart_meter.tlog\rc.write.1.tlog
c:\users\omare\source\repos\smart_meter\smart_meter\x64\debug\smart_meter.tlog\resgen.command.1.tlog
c:\users\omare\source\repos\smart_meter\smart_meter\x64\debug\smart_meter.tlog\resgen.read.1.tlog
c:\users\omare\source\repos\smart_meter\smart_meter\x64\debug\smart_meter.tlog\resgen.write.1.tlog
